
..\\Problemi\\A-Real\\paytv-2.txt:


..\\Problemi\\A-Real\\web-2.txt:

ERROR...  LagrHeuristic solution (MIP) not feasible: status=4
ERROR...  LagrHeuristic solution (MIP) not feasible: status=4
ERROR...  LagrHeuristic solution (MIP) not feasible: status=4
ERROR...  LagrHeuristic solution (MIP) not feasible: status=4
ERROR...  LagrHeuristic solution (MIP) not feasible: status=4
ERROR...  LagrHeuristic solution (MIP) not feasible: status=4
ERROR...  LagrHeuristic solution (MIP) not feasible: status=4
ERROR...  LagrHeuristic solution (MIP) not feasible: status=4
ERROR...  LagrHeuristic solution (MIP) not feasible: status=4

..\\Problemi\\B-Basic\\25Chain-1.txt:


..\\Problemi\\B-Basic\\25Graph-1.txt:


..\\Problemi\\B-Basic\\25Affinity-1.txt:

ERROR...  LagrHeuristic solution (MIP) not feasible: status=3
ERROR...  LagrHeuristic solution (MIP) not feasible: status=3
ERROR...  LagrHeuristic solution (MIP) not feasible: status=3
ERROR...  LagrHeuristic solution (MIP) not feasible: status=3
ERROR...  LagrHeuristic solution (MIP) not feasible: status=3
ERROR...  LagrHeuristic solution (MIP) not feasible: status=3
ERROR...  LagrHeuristic solution (MIP) not feasible: status=3
ERROR...  LagrHeuristic solution (MIP) not feasible: status=3
ERROR...  LagrHeuristic solution (MIP) not feasible: status=3
ERROR...  LagrHeuristic solution (MIP) not feasible: status=3
ERROR...  LagrHeuristic solution (MIP) not feasible: status=3
ERROR...  LagrHeuristic solution (MIP) not feasible: status=3
ERROR...  LagrHeuristic solution (MIP) not feasible: status=3
ERROR...  LagrHeuristic solution (MIP) not feasible: status=3
ERROR...  LagrHeuristic solution (MIP) not feasible: status=4
ERROR...  LagrHeuristic solution (MIP) not feasible: status=3
ERROR...  LagrHeuristic solution (MIP) not feasible: status=4
ERROR...  LagrHeuristic solution (MIP) not feasible: status=4
ERROR...  LagrHeuristic solution (MIP) not feasible: status=3
ERROR...  LagrHeuristic solution (MIP) not feasible: status=3
ERROR...  LagrHeuristic solution (MIP) not feasible: status=3
ERROR...  LagrHeuristic solution (MIP) not feasible: status=4
ERROR...  LagrHeuristic solution (MIP) not feasible: status=3
ERROR...  LagrHeuristic solution (MIP) not feasible: status=3
ERROR...  LagrHeuristic solution (MIP) not feasible: status=4
ERROR...  LagrHeuristic solution (MIP) not feasible: status=3
ERROR...  LagrHeuristic solution (MIP) not feasible: status=4
ERROR...  LagrHeuristic solution (MIP) not feasible: status=3
ERROR...  LagrHeuristic solution (MIP) not feasible: status=3
ERROR...  LagrHeuristic solution (MIP) not feasible: status=4
ERROR...  LagrHeuristic solution (MIP) not feasible: status=3
ERROR...  LagrHeuristic solution (MIP) not feasible: status=4
ERROR...  LagrHeuristic solution (MIP) not feasible: status=3
ERROR...  LagrHeuristic solution (MIP) not feasible: status=4
ERROR...  LagrHeuristic solution (MIP) not feasible: status=3
ERROR...  LagrHeuristic solution (MIP) not feasible: status=4
ERROR...  LagrHeuristic solution (MIP) not feasible: status=3
ERROR...  LagrHeuristic solution (MIP) not feasible: status=3
ERROR...  LagrHeuristic solution (MIP) not feasible: status=4
ERROR...  LagrHeuristic solution (MIP) not feasible: status=3
ERROR...  LagrHeuristic solution (MIP) not feasible: status=4
ERROR...  LagrHeuristic solution (MIP) not feasible: status=3
ERROR...  LagrHeuristic solution (MIP) not feasible: status=3

..\\Problemi\\B-Basic\\50Chain-1.txt:

